Determining if the include file util.h exists failed with the following output:
Change Dir: /home/beverly/Documents/klee-n-aeg/build/CMakeFiles/CMakeTmp

Run Build Command:"/usr/bin/make" "cmTC_fd86d/fast"
/usr/bin/make -f CMakeFiles/cmTC_fd86d.dir/build.make CMakeFiles/cmTC_fd86d.dir/build
make[1]: Entering directory '/home/beverly/Documents/klee-n-aeg/build/CMakeFiles/CMakeTmp'
Building C object CMakeFiles/cmTC_fd86d.dir/CheckIncludeFile.c.o
/usr/bin/cc   -Wall -Wextra -Wno-unused-parameter    -o CMakeFiles/cmTC_fd86d.dir/CheckIncludeFile.c.o   -c /home/beverly/Documents/klee-n-aeg/build/CMakeFiles/CMakeTmp/CheckIncludeFile.c
/home/beverly/Documents/klee-n-aeg/build/CMakeFiles/CMakeTmp/CheckIncludeFile.c:1:10: fatal error: util.h: No such file or directory
 #include <util.h>
          ^~~~~~~~
compilation terminated.
CMakeFiles/cmTC_fd86d.dir/build.make:65: recipe for target 'CMakeFiles/cmTC_fd86d.dir/CheckIncludeFile.c.o' failed
make[1]: *** [CMakeFiles/cmTC_fd86d.dir/CheckIncludeFile.c.o] Error 1
make[1]: Leaving directory '/home/beverly/Documents/klee-n-aeg/build/CMakeFiles/CMakeTmp'
Makefile:126: recipe for target 'cmTC_fd86d/fast' failed
make: *** [cmTC_fd86d/fast] Error 2


Determining if the include file libutil.h exists failed with the following output:
Change Dir: /home/beverly/Documents/klee-n-aeg/build/CMakeFiles/CMakeTmp

Run Build Command:"/usr/bin/make" "cmTC_5c79d/fast"
/usr/bin/make -f CMakeFiles/cmTC_5c79d.dir/build.make CMakeFiles/cmTC_5c79d.dir/build
make[1]: Entering directory '/home/beverly/Documents/klee-n-aeg/build/CMakeFiles/CMakeTmp'
Building C object CMakeFiles/cmTC_5c79d.dir/CheckIncludeFile.c.o
/usr/bin/cc   -Wall -Wextra -Wno-unused-parameter    -o CMakeFiles/cmTC_5c79d.dir/CheckIncludeFile.c.o   -c /home/beverly/Documents/klee-n-aeg/build/CMakeFiles/CMakeTmp/CheckIncludeFile.c
/home/beverly/Documents/klee-n-aeg/build/CMakeFiles/CMakeTmp/CheckIncludeFile.c:1:10: fatal error: libutil.h: No such file or directory
 #include <libutil.h>
          ^~~~~~~~~~~
compilation terminated.
CMakeFiles/cmTC_5c79d.dir/build.make:65: recipe for target 'CMakeFiles/cmTC_5c79d.dir/CheckIncludeFile.c.o' failed
make[1]: *** [CMakeFiles/cmTC_5c79d.dir/CheckIncludeFile.c.o] Error 1
make[1]: Leaving directory '/home/beverly/Documents/klee-n-aeg/build/CMakeFiles/CMakeTmp'
Makefile:126: recipe for target 'cmTC_5c79d/fast' failed
make: *** [cmTC_5c79d/fast] Error 2


Determining if the function openpty exists failed with the following output:
Change Dir: /home/beverly/Documents/klee-n-aeg/build/CMakeFiles/CMakeTmp

Run Build Command:"/usr/bin/make" "cmTC_3bae3/fast"
/usr/bin/make -f CMakeFiles/cmTC_3bae3.dir/build.make CMakeFiles/cmTC_3bae3.dir/build
make[1]: Entering directory '/home/beverly/Documents/klee-n-aeg/build/CMakeFiles/CMakeTmp'
Building C object CMakeFiles/cmTC_3bae3.dir/CheckFunctionExists.c.o
/usr/bin/cc   -Wall -Wextra -Wno-unused-parameter -DCHECK_FUNCTION_EXISTS=openpty   -o CMakeFiles/cmTC_3bae3.dir/CheckFunctionExists.c.o   -c /usr/share/cmake-3.10/Modules/CheckFunctionExists.c
Linking C executable cmTC_3bae3
/usr/bin/cmake -E cmake_link_script CMakeFiles/cmTC_3bae3.dir/link.txt --verbose=1
/usr/bin/cc  -Wall -Wextra -Wno-unused-parameter -DCHECK_FUNCTION_EXISTS=openpty    -rdynamic CMakeFiles/cmTC_3bae3.dir/CheckFunctionExists.c.o  -o cmTC_3bae3 
/usr/local/bin/ld: CMakeFiles/cmTC_3bae3.dir/CheckFunctionExists.c.o: in function `main':
CheckFunctionExists.c:(.text+0x10): undefined reference to `openpty'
collect2: error: ld returned 1 exit status
CMakeFiles/cmTC_3bae3.dir/build.make:97: recipe for target 'cmTC_3bae3' failed
make[1]: *** [cmTC_3bae3] Error 1
make[1]: Leaving directory '/home/beverly/Documents/klee-n-aeg/build/CMakeFiles/CMakeTmp'
Makefile:126: recipe for target 'cmTC_3bae3/fast' failed
make: *** [cmTC_3bae3/fast] Error 2


Determining if the malloc_zone_statistics exist failed with the following output:
Change Dir: /home/beverly/Documents/klee-n-aeg/build/CMakeFiles/CMakeTmp

Run Build Command:"/usr/bin/make" "cmTC_1182f/fast"
/usr/bin/make -f CMakeFiles/cmTC_1182f.dir/build.make CMakeFiles/cmTC_1182f.dir/build
make[1]: Entering directory '/home/beverly/Documents/klee-n-aeg/build/CMakeFiles/CMakeTmp'
Building CXX object CMakeFiles/cmTC_1182f.dir/CheckSymbolExists.cxx.o
/usr/bin/c++    -Wall -Wextra -Wno-unused-parameter    -o CMakeFiles/cmTC_1182f.dir/CheckSymbolExists.cxx.o -c /home/beverly/Documents/klee-n-aeg/build/CMakeFiles/CMakeTmp/CheckSymbolExists.cxx
/home/beverly/Documents/klee-n-aeg/build/CMakeFiles/CMakeTmp/CheckSymbolExists.cxx:2:10: fatal error: malloc/malloc.h: No such file or directory
 #include <malloc/malloc.h>
          ^~~~~~~~~~~~~~~~~
compilation terminated.
CMakeFiles/cmTC_1182f.dir/build.make:65: recipe for target 'CMakeFiles/cmTC_1182f.dir/CheckSymbolExists.cxx.o' failed
make[1]: *** [CMakeFiles/cmTC_1182f.dir/CheckSymbolExists.cxx.o] Error 1
make[1]: Leaving directory '/home/beverly/Documents/klee-n-aeg/build/CMakeFiles/CMakeTmp'
Makefile:126: recipe for target 'cmTC_1182f/fast' failed
make: *** [cmTC_1182f/fast] Error 2

File /home/beverly/Documents/klee-n-aeg/build/CMakeFiles/CMakeTmp/CheckSymbolExists.cxx:
/* */
#include <malloc/malloc.h>

int main(int argc, char** argv)
{
  (void)argv;
#ifndef malloc_zone_statistics
  return ((int*)(&malloc_zone_statistics))[argc];
#else
  (void)argc;
  return 0;
#endif
}

Determining if the include file selinux/selinux.h exists failed with the following output:
Change Dir: /home/beverly/Documents/klee-n-aeg/build/CMakeFiles/CMakeTmp

Run Build Command:"/usr/bin/make" "cmTC_8bb60/fast"
/usr/bin/make -f CMakeFiles/cmTC_8bb60.dir/build.make CMakeFiles/cmTC_8bb60.dir/build
make[1]: Entering directory '/home/beverly/Documents/klee-n-aeg/build/CMakeFiles/CMakeTmp'
Building C object CMakeFiles/cmTC_8bb60.dir/CheckIncludeFile.c.o
/usr/bin/cc   -Wall -Wextra -Wno-unused-parameter    -o CMakeFiles/cmTC_8bb60.dir/CheckIncludeFile.c.o   -c /home/beverly/Documents/klee-n-aeg/build/CMakeFiles/CMakeTmp/CheckIncludeFile.c
/home/beverly/Documents/klee-n-aeg/build/CMakeFiles/CMakeTmp/CheckIncludeFile.c:1:10: fatal error: selinux/selinux.h: No such file or directory
 #include <selinux/selinux.h>
          ^~~~~~~~~~~~~~~~~~~
compilation terminated.
CMakeFiles/cmTC_8bb60.dir/build.make:65: recipe for target 'CMakeFiles/cmTC_8bb60.dir/CheckIncludeFile.c.o' failed
make[1]: *** [CMakeFiles/cmTC_8bb60.dir/CheckIncludeFile.c.o] Error 1
make[1]: Leaving directory '/home/beverly/Documents/klee-n-aeg/build/CMakeFiles/CMakeTmp'
Makefile:126: recipe for target 'cmTC_8bb60/fast' failed
make: *** [cmTC_8bb60/fast] Error 2


Determining if the include file sys/acl.h exists failed with the following output:
Change Dir: /home/beverly/Documents/klee-n-aeg/build/CMakeFiles/CMakeTmp

Run Build Command:"/usr/bin/make" "cmTC_ede9d/fast"
/usr/bin/make -f CMakeFiles/cmTC_ede9d.dir/build.make CMakeFiles/cmTC_ede9d.dir/build
make[1]: Entering directory '/home/beverly/Documents/klee-n-aeg/build/CMakeFiles/CMakeTmp'
Building C object CMakeFiles/cmTC_ede9d.dir/CheckIncludeFile.c.o
/usr/bin/cc   -Wall -Wextra -Wno-unused-parameter    -o CMakeFiles/cmTC_ede9d.dir/CheckIncludeFile.c.o   -c /home/beverly/Documents/klee-n-aeg/build/CMakeFiles/CMakeTmp/CheckIncludeFile.c
/home/beverly/Documents/klee-n-aeg/build/CMakeFiles/CMakeTmp/CheckIncludeFile.c:1:10: fatal error: sys/acl.h: No such file or directory
 #include <sys/acl.h>
          ^~~~~~~~~~~
compilation terminated.
CMakeFiles/cmTC_ede9d.dir/build.make:65: recipe for target 'CMakeFiles/cmTC_ede9d.dir/CheckIncludeFile.c.o' failed
make[1]: *** [CMakeFiles/cmTC_ede9d.dir/CheckIncludeFile.c.o] Error 1
make[1]: Leaving directory '/home/beverly/Documents/klee-n-aeg/build/CMakeFiles/CMakeTmp'
Makefile:126: recipe for target 'cmTC_ede9d/fast' failed
make: *** [cmTC_ede9d/fast] Error 2


Determining if the pthread_create exist failed with the following output:
Change Dir: /home/beverly/Documents/klee-n-aeg/build/CMakeFiles/CMakeTmp

Run Build Command:"/usr/bin/make" "cmTC_82421/fast"
/usr/bin/make -f CMakeFiles/cmTC_82421.dir/build.make CMakeFiles/cmTC_82421.dir/build
make[1]: Entering directory '/home/beverly/Documents/klee-n-aeg/build/CMakeFiles/CMakeTmp'
Building C object CMakeFiles/cmTC_82421.dir/CheckSymbolExists.c.o
/usr/bin/cc   -Wall -Wextra -Wno-unused-parameter    -o CMakeFiles/cmTC_82421.dir/CheckSymbolExists.c.o   -c /home/beverly/Documents/klee-n-aeg/build/CMakeFiles/CMakeTmp/CheckSymbolExists.c
Linking C executable cmTC_82421
/usr/bin/cmake -E cmake_link_script CMakeFiles/cmTC_82421.dir/link.txt --verbose=1
/usr/bin/cc  -Wall -Wextra -Wno-unused-parameter     -rdynamic CMakeFiles/cmTC_82421.dir/CheckSymbolExists.c.o  -o cmTC_82421 
/usr/local/bin/ld: CMakeFiles/cmTC_82421.dir/CheckSymbolExists.c.o: in function `main':
CheckSymbolExists.c:(.text+0x1b): undefined reference to `pthread_create'
collect2: error: ld returned 1 exit status
CMakeFiles/cmTC_82421.dir/build.make:97: recipe for target 'cmTC_82421' failed
make[1]: *** [cmTC_82421] Error 1
make[1]: Leaving directory '/home/beverly/Documents/klee-n-aeg/build/CMakeFiles/CMakeTmp'
Makefile:126: recipe for target 'cmTC_82421/fast' failed
make: *** [cmTC_82421/fast] Error 2

File /home/beverly/Documents/klee-n-aeg/build/CMakeFiles/CMakeTmp/CheckSymbolExists.c:
/* */
#include <pthread.h>

int main(int argc, char** argv)
{
  (void)argv;
#ifndef pthread_create
  return ((int*)(&pthread_create))[argc];
#else
  (void)argc;
  return 0;
#endif
}

Determining if the function pthread_create exists in the pthreads failed with the following output:
Change Dir: /home/beverly/Documents/klee-n-aeg/build/CMakeFiles/CMakeTmp

Run Build Command:"/usr/bin/make" "cmTC_f4337/fast"
/usr/bin/make -f CMakeFiles/cmTC_f4337.dir/build.make CMakeFiles/cmTC_f4337.dir/build
make[1]: Entering directory '/home/beverly/Documents/klee-n-aeg/build/CMakeFiles/CMakeTmp'
Building C object CMakeFiles/cmTC_f4337.dir/CheckFunctionExists.c.o
/usr/bin/cc   -Wall -Wextra -Wno-unused-parameter -DCHECK_FUNCTION_EXISTS=pthread_create   -o CMakeFiles/cmTC_f4337.dir/CheckFunctionExists.c.o   -c /usr/share/cmake-3.10/Modules/CheckFunctionExists.c
Linking C executable cmTC_f4337
/usr/bin/cmake -E cmake_link_script CMakeFiles/cmTC_f4337.dir/link.txt --verbose=1
/usr/bin/cc  -Wall -Wextra -Wno-unused-parameter -DCHECK_FUNCTION_EXISTS=pthread_create    -rdynamic CMakeFiles/cmTC_f4337.dir/CheckFunctionExists.c.o  -o cmTC_f4337 -lpthreads 
/usr/local/bin/ld: cannot find -lpthreads
collect2: error: ld returned 1 exit status
CMakeFiles/cmTC_f4337.dir/build.make:97: recipe for target 'cmTC_f4337' failed
make[1]: *** [cmTC_f4337] Error 1
make[1]: Leaving directory '/home/beverly/Documents/klee-n-aeg/build/CMakeFiles/CMakeTmp'
Makefile:126: recipe for target 'cmTC_f4337/fast' failed
make: *** [cmTC_f4337/fast] Error 2


