This file contains any messages produced by compilers while
running configure, to aid debugging if configure makes a mistake.

It was created by GNU C Library configure (see version.h), which was
generated by GNU Autoconf 2.69.  Invocation command line was

  $ ../glibc-2.27/configure --prefix=/usr

## --------- ##
## Platform. ##
## --------- ##

hostname = beverly-ThinkPad-X1-Extreme-2nd
uname -m = x86_64
uname -r = 5.3.18
uname -s = Linux
uname -v = #1 SMP Mon Jul 6 15:26:45 +08 2020

/usr/bin/uname -p = unknown
/bin/uname -X     = unknown

/bin/arch              = unknown
/usr/bin/arch -k       = unknown
/usr/convex/getsysinfo = unknown
/usr/bin/hostinfo      = unknown
/bin/machine           = unknown
/usr/bin/oslevel       = unknown
/bin/universe          = unknown

PATH: /home/beverly/.local/bin
PATH: /usr/local/sbin
PATH: /usr/local/bin
PATH: /usr/sbin
PATH: /usr/bin
PATH: /sbin
PATH: /bin
PATH: /usr/games
PATH: /usr/local/games
PATH: /snap/bin


## ----------- ##
## Core tests. ##
## ----------- ##

configure:2206: checking build system type
configure:2220: result: x86_64-pc-linux-gnu
configure:2240: checking host system type
configure:2253: result: x86_64-pc-linux-gnu
configure:2322: checking for gcc
configure:2338: found /usr/bin/gcc
configure:2349: result: gcc
configure:2578: checking for C compiler version
configure:2587: gcc --version >&5
gcc (Ubuntu 7.5.0-3ubuntu1~18.04) 7.5.0
Copyright (C) 2017 Free Software Foundation, Inc.
This is free software; see the source for copying conditions.  There is NO
warranty; not even for MERCHANTABILITY or FITNESS FOR A PARTICULAR PURPOSE.

configure:2598: $? = 0
configure:2587: gcc -v >&5
Using built-in specs.
COLLECT_GCC=gcc
COLLECT_LTO_WRAPPER=/usr/lib/gcc/x86_64-linux-gnu/7/lto-wrapper
OFFLOAD_TARGET_NAMES=nvptx-none
OFFLOAD_TARGET_DEFAULT=1
Target: x86_64-linux-gnu
Configured with: ../src/configure -v --with-pkgversion='Ubuntu 7.5.0-3ubuntu1~18.04' --with-bugurl=file:///usr/share/doc/gcc-7/README.Bugs --enable-languages=c,ada,c++,go,brig,d,fortran,objc,obj-c++ --prefix=/usr --with-gcc-major-version-only --program-suffix=-7 --program-prefix=x86_64-linux-gnu- --enable-shared --enable-linker-build-id --libexecdir=/usr/lib --without-included-gettext --enable-threads=posix --libdir=/usr/lib --enable-nls --enable-bootstrap --enable-clocale=gnu --enable-libstdcxx-debug --enable-libstdcxx-time=yes --with-default-libstdcxx-abi=new --enable-gnu-unique-object --disable-vtable-verify --enable-libmpx --enable-plugin --enable-default-pie --with-system-zlib --with-target-system-zlib --enable-objc-gc=auto --enable-multiarch --disable-werror --with-arch-32=i686 --with-abi=m64 --with-multilib-list=m32,m64,mx32 --enable-multilib --with-tune=generic --enable-offload-targets=nvptx-none --without-cuda-driver --enable-checking=release --build=x86_64-linux-gnu --host=x86_64-linux-gnu --target=x86_64-linux-gnu
Thread model: posix
gcc version 7.5.0 (Ubuntu 7.5.0-3ubuntu1~18.04) 
configure:2598: $? = 0
configure:2587: gcc -V >&5
gcc: error: unrecognized command line option '-V'
gcc: fatal error: no input files
compilation terminated.
configure:2598: $? = 1
configure:2587: gcc -qversion >&5
gcc: error: unrecognized command line option '-qversion'; did you mean '--version'?
gcc: fatal error: no input files
compilation terminated.
configure:2598: $? = 1
configure:2603: checking for suffix of object files
configure:2625: gcc -c   conftest.c >&5
configure:2629: $? = 0
configure:2650: result: o
configure:2654: checking whether we are using the GNU C compiler
configure:2673: gcc -c   conftest.c >&5
configure:2673: $? = 0
configure:2682: result: yes
configure:2691: checking whether gcc accepts -g
configure:2711: gcc -c -g  conftest.c >&5
configure:2711: $? = 0
configure:2752: result: yes
configure:2872: checking for readelf
configure:2888: found /usr/bin/readelf
configure:2899: result: readelf
configure:2981: checking for g++
configure:2997: found /usr/bin/g++
configure:3008: result: g++
configure:3035: checking for C++ compiler version
configure:3044: g++ --version >&5
g++ (Ubuntu 7.5.0-3ubuntu1~18.04) 7.5.0
Copyright (C) 2017 Free Software Foundation, Inc.
This is free software; see the source for copying conditions.  There is NO
warranty; not even for MERCHANTABILITY or FITNESS FOR A PARTICULAR PURPOSE.

configure:3055: $? = 0
configure:3044: g++ -v >&5
Using built-in specs.
COLLECT_GCC=g++
COLLECT_LTO_WRAPPER=/usr/lib/gcc/x86_64-linux-gnu/7/lto-wrapper
OFFLOAD_TARGET_NAMES=nvptx-none
OFFLOAD_TARGET_DEFAULT=1
Target: x86_64-linux-gnu
Configured with: ../src/configure -v --with-pkgversion='Ubuntu 7.5.0-3ubuntu1~18.04' --with-bugurl=file:///usr/share/doc/gcc-7/README.Bugs --enable-languages=c,ada,c++,go,brig,d,fortran,objc,obj-c++ --prefix=/usr --with-gcc-major-version-only --program-suffix=-7 --program-prefix=x86_64-linux-gnu- --enable-shared --enable-linker-build-id --libexecdir=/usr/lib --without-included-gettext --enable-threads=posix --libdir=/usr/lib --enable-nls --enable-bootstrap --enable-clocale=gnu --enable-libstdcxx-debug --enable-libstdcxx-time=yes --with-default-libstdcxx-abi=new --enable-gnu-unique-object --disable-vtable-verify --enable-libmpx --enable-plugin --enable-default-pie --with-system-zlib --with-target-system-zlib --enable-objc-gc=auto --enable-multiarch --disable-werror --with-arch-32=i686 --with-abi=m64 --with-multilib-list=m32,m64,mx32 --enable-multilib --with-tune=generic --enable-offload-targets=nvptx-none --without-cuda-driver --enable-checking=release --build=x86_64-linux-gnu --host=x86_64-linux-gnu --target=x86_64-linux-gnu
Thread model: posix
gcc version 7.5.0 (Ubuntu 7.5.0-3ubuntu1~18.04) 
configure:3055: $? = 0
configure:3044: g++ -V >&5
g++: error: unrecognized command line option '-V'
g++: fatal error: no input files
compilation terminated.
configure:3055: $? = 1
configure:3044: g++ -qversion >&5
g++: error: unrecognized command line option '-qversion'; did you mean '--version'?
g++: fatal error: no input files
compilation terminated.
configure:3055: $? = 1
configure:3059: checking whether we are using the GNU C++ compiler
configure:3078: g++ -c   conftest.cpp >&5
configure:3078: $? = 0
configure:3087: result: yes
configure:3096: checking whether g++ accepts -g
configure:3116: g++ -c -g  conftest.cpp >&5
configure:3116: $? = 0
configure:3157: result: yes
configure:3182: checking whether g++ can link programs
configure:3205: g++ -o conftest -g -O2   conftest.cpp  >&5
configure:3205: $? = 0
configure:3228: g++ -o conftest -g -O2   -static conftest.cpp  >&5
configure:3228: $? = 0
configure:3243: result: yes
configure:3788: checking for sysdeps preconfigure fragments
configure:9: checking whether gcc compiles in -mx32 mode by default
configure:27: gcc -c -g -O2  conftest.c >&5
conftest.c:13:3: error: #error not x32
 # error not x32
   ^~~~~
configure:27: $? = 1
configure: failed program was:
| /* confdefs.h */
| #define PACKAGE_NAME "GNU C Library"
| #define PACKAGE_TARNAME "glibc"
| #define PACKAGE_VERSION "(see version.h)"
| #define PACKAGE_STRING "GNU C Library (see version.h)"
| #define PACKAGE_BUGREPORT "https://sourceware.org/bugzilla/"
| #define PACKAGE_URL "http://www.gnu.org/software/glibc/"
| #define PKGVERSION "(GNU libc) "
| #define REPORT_BUGS_TO "<http://www.gnu.org/software/libc/bugs.html>"
| #define HAVE_TUNABLES 1
| /* end confdefs.h.  */
| #ifndef __ILP32__
| # error not x32
| #endif
| int
| main ()
| {
| 
|   ;
|   return 0;
| }
configure:34: result: no
configure:3795: result: 
configure:3825: checking for use of fpu sysdeps directories
configure:3844: result: yes
configure:3848: checking for -fstack-protector
configure:3854: gcc -g -O2  -Werror -fstack-protector -xc /dev/null -S -o /dev/null
configure:3857: $? = 0
configure:3865: result: yes
configure:3868: checking for -fstack-protector-strong
configure:3874: gcc -g -O2  -Werror -fstack-protector-strong -xc /dev/null -S -o /dev/null
configure:3877: $? = 0
configure:3885: result: yes
configure:3888: checking for -fstack-protector-all
configure:3894: gcc -g -O2  -Werror -fstack-protector-all -xc /dev/null -S -o /dev/null
configure:3897: $? = 0
configure:3905: result: yes
configure:3948: checking for assembler and linker STT_GNU_IFUNC support

Relocation section '.rela.dyn' at offset 0x248 contains 1 entry:
  Offset          Info           Type           Sym. Value    Sym. Name + Addend
000000201000  000000000025 R_X86_64_IRELATIV                    260
configure:3979: result: yes
configure:3983: checking for gcc attribute ifunc support
configure:4009: result: yes
configure:4013: checking if compiler warns about alias for function with incompatible types
configure:4035: result: no
configure:4073: checking sysdep dirs
configure:4270: result: sysdeps/generic
configure:4290: checking for a BSD-compatible install
configure:4358: result: /usr/bin/install -c
configure:4373: checking whether ln -s works
configure:4377: result: yes
configure:4403: checking whether as is GNU as
configure:4417: result: yes
configure:4422: checking whether ld is GNU ld
configure:4436: result: yes
configure:4446: checking for as
configure:4473: result: as
configure:4488: checking version of as
configure:4498: result: 2.30, ok
configure:4576: checking for ld
configure:4603: result: ld
configure:4618: checking version of ld
configure:4628: result: 2.30, ok
configure:4643: checking for gnumake
configure:4673: result: no
configure:4643: checking for gmake
configure:4673: result: no
configure:4643: checking for make
configure:4659: found /usr/bin/make
configure:4670: result: make
configure:4685: checking version of make
configure:4695: result: 4.1, ok
configure:4707: checking for gnumsgfmt
configure:4737: result: no
configure:4707: checking for gmsgfmt
configure:4737: result: no
configure:4707: checking for msgfmt
configure:4723: found /usr/bin/msgfmt
configure:4734: result: msgfmt
configure:4749: checking version of msgfmt
configure:4759: result: 0.19.8.1, ok
configure:4770: checking for makeinfo
configure:4800: result: no
configure:4833: checking for sed
configure:4849: found /bin/sed
configure:4860: result: sed
configure:4875: checking version of sed
configure:4885: result: 4.4, ok
configure:4896: checking for gawk
configure:4912: found /usr/bin/gawk
configure:4923: result: gawk
configure:4938: checking version of gawk
configure:4948: result: 4.1.4, ok
configure:4959: checking for bison
configure:4975: found /usr/bin/bison
configure:4986: result: bison
configure:5001: checking version of bison
configure:5011: result: 3.0.4, ok
configure:5019: checking if gcc is sufficient to build libc
configure:5039: gcc -c -g -O2  conftest.c >&5
configure:5039: $? = 0
configure:5046: result: yes
configure:5095: checking for nm
configure:5111: found /usr/bin/nm
configure:5122: result: nm
configure:5220: checking for python3
configure:5236: found /usr/bin/python3
configure:5247: result: python3
configure:5278: WARNING:
*** These auxiliary programs are missing or incompatible versions: makeinfo
*** some features or tests will be disabled.
*** Check the INSTALL file for required versions.
configure:5329: checking LD_LIBRARY_PATH variable
configure:5339: result: ok
configure:5350: checking for bash
configure:5368: found /bin/bash
configure:5381: result: /bin/bash
configure:5392: checking for perl
configure:5410: found /usr/bin/perl
configure:5423: result: /usr/bin/perl
configure:5437: checking for install-info
configure:5456: found /usr/bin/install-info
configure:5469: result: /usr/bin/install-info
configure:5478: checking for .set assembler directive
configure:5504: result: yes
configure:5511: checking linker support for protected data symbol
configure:5521: gcc -nostdlib -nostartfiles -fno-stack-protector -fPIC -shared conftest.c -o conftest.so
configure:5524: $? = 0
configure:5531: gcc -nostdlib -nostartfiles -fno-stack-protector conftest.c -o conftest conftest.so
/usr/bin/ld: warning: cannot find entry symbol _start; defaulting to 0000000000000370
configure:5534: $? = 0
configure:5542: result: yes
configure:5546: checking linker support for INSERT in linker script
configure:5564: gcc -nostdlib -nostartfiles -fno-stack-protector -fPIC -shared conftest.c -Wl,-T,conftest.t -o conftest.so
configure:5567: $? = 0
configure:5574: result: yes
configure:5578: checking for broken __attribute__((alias()))
configure:5593: gcc -Werror -S conftest.c -o conftest.s 1>&5
configure:5596: $? = 0
configure:5606: result: no
configure:5612: checking whether to put _rtld_local into .sdata section
configure:5626: result: no
configure:5633: checking whether to use .ctors/.dtors header and trailer
configure:5650: gcc -g -O2   -fno-stack-protector -o conftest
		       conftest.c -static -nostartfiles -nostdlib
		       1>&5
configure:5653: $? = 0
configure:5679: result: no
configure:5686: checking for libunwind-support in compiler
configure:5703: result: no
configure:5712: checking whether --noexecstack is desirable for .S files
configure:5722: gcc -g -O2 
		   -S -o conftest.s conftest.c 1>&5
configure:5725: $? = 0
configure:5730: gcc  -Wa,--noexecstack
		      -c -o conftest.o conftest.s 1>&5
configure:5733: $? = 0
configure:5742: result: yes
configure:5749: checking for -z combreloc
configure:5763: gcc -g -O2  
			-fPIC -shared -fno-stack-protector -o conftest.so conftest.c
			-nostdlib -nostartfiles
			-Wl,-z,combreloc 1>&5
configure:5766: $? = 0
configure:5779: result: yes
configure:5787: checking for linker that supports -z execstack
configure:5800: gcc -g -O2   -fno-stack-protector
				-Wl,-z,execstack -nostdlib -nostartfiles
				-fPIC -shared -o conftest.so conftest.c
				1>&5
configure:5803: $? = 0
configure:5816: result: yes
configure:5820: checking for linker that supports --no-dynamic-linker
configure:5833: gcc -g -O2   -fno-stack-protector
				-Wl,--no-dynamic-linker -nostdlib -nostartfiles
				-fPIC -shared -o conftest.so conftest.c
				1>&5
configure:5836: $? = 0
configure:5849: result: yes
configure:5854: checking for -static-pie
configure:5860: gcc -static-pie -xc /dev/null -S -o /dev/null
gcc: error: unrecognized command line option '-static-pie'; did you mean '-static'?
configure:5863: $? = 1
configure:5871: result: no
configure:5876: checking for -fpie
configure:5882: gcc -fpie -xc /dev/null -S -o /dev/null
configure:5885: $? = 0
configure:5893: result: yes
configure:5898: checking for --hash-style option
configure:5909: gcc -g -O2   -fno-stack-protector
			    -fPIC -shared -o conftest.so conftest.c
			    -Wl,--hash-style=both -nostdlib 1>&5
configure:5912: $? = 0
configure:5921: result: yes
configure:5929: checking for sufficient default -shared layout
configure:5948:   gcc  -shared -o conftest.so conftest.s 1>&5
configure:5951: $? = 0
nono from:

NOTE .note.gnu.build-i
GNU_HASH .gnu.hash
DYNSYM .dynsym
STRTAB .dynstr
RELA .rela.dyn
PROGBITS .init
PROGBITS .plt
PROGBITS .plt.got
PROGBITS .text
PROGBITS .fini
NOTE .note.a
NOTE .note.b
PROGBITS .eh_frame
INIT_ARRAY .init_array
FINI_ARRAY .fini_array
DYNAMIC .dynamic
PROGBITS .got
PROGBITS .got.plt
PROGBITS .data
NOBITS .bss
PROGBITS .comment
SYMTAB .symtab
STRTAB .strtab
STRTAB .shstrtab
configure:5983: result: no
configure:5988: checking for GLOB_DAT reloc
configure:6001: gcc -g -O2  
			-fPIC -shared -o conftest.so conftest.c
			-nostdlib -nostartfiles -fno-stack-protector
			1>&5
configure:6004: $? = 0
configure:6017: result: yes
configure:6021: checking linker output format
configure:6035: result: elf64-x86-64
configure:6039: checking for -fno-toplevel-reorder -fno-section-anchors
configure:6049: gcc -g -O2  -S -fno-toplevel-reorder -fno-section-anchors
			    conftest.c 1>&5
configure:6052: $? = 0
configure:6061: result: yes
configure:6070: checking for -mtls-dialect=gnu2
configure:6084: gcc -g -O2  -S -fPIC -mtls-dialect=gnu2
		   conftest.c 1>&5
configure:6087: $? = 0
configure:6096: result: yes
configure:6102: checking whether cc puts quotes around section names
configure:6123: result: no
configure:6130: checking for __builtin_memset
configure:6142: gcc -O3 -S conftest.c -o - | grep -F memset > /dev/null
configure:6145: $? = 1
configure:6154: result: yes
configure:6161: checking for redirection of built-in functions
configure:6174: gcc -O3 -S conftest.c -o - | grep -F my_strstr > /dev/null
configure:6177: $? = 0
configure:6186: result: yes
configure:6192: checking for compiler option to disable generation of FMA instructions
configure:6200: gcc -ffp-contract=off -xc /dev/null -S -o /dev/null
configure:6203: $? = 0
configure:6209: result: -ffp-contract=off
configure:6242: checking if gcc accepts -fno-tree-loop-distribute-patterns with __attribute__ ((__optimize__))
configure:6255: gcc -g -O2  -c conftest.c
configure:6258: $? = 0
configure:6265: result: yes
configure:6273: checking for libgd
configure:6293: gcc -o conftest -g -O2     conftest.c  -lgd -lpng -lz -lm >&5
conftest.c:20:10: fatal error: gd.h: No such file or directory
 #include <gd.h>
          ^~~~~~
compilation terminated.
configure:6293: $? = 1
configure: failed program was:
| /* confdefs.h */
| #define PACKAGE_NAME "GNU C Library"
| #define PACKAGE_TARNAME "glibc"
| #define PACKAGE_VERSION "(see version.h)"
| #define PACKAGE_STRING "GNU C Library (see version.h)"
| #define PACKAGE_BUGREPORT "https://sourceware.org/bugzilla/"
| #define PACKAGE_URL "http://www.gnu.org/software/glibc/"
| #define PKGVERSION "(GNU libc) "
| #define REPORT_BUGS_TO "<http://www.gnu.org/software/libc/bugs.html>"
| #define HAVE_TUNABLES 1
| #define HAVE_CC_NO_STACK_PROTECTOR 1
| #define STACK_PROTECTOR_LEVEL 0
| #define USE_MULTIARCH 1
| #define HAVE_ASM_SET_DIRECTIVE 1
| #define NO_CTORS_DTORS_SECTIONS 1
| #define HAVE_Z_COMBRELOC 1
| #define HAVE_BUILTIN_MEMSET 1
| #define HAVE_CC_INHIBIT_LOOP_TO_LIBCALL 1
| /* end confdefs.h.  */
| #include <gd.h>
| int
| main ()
| {
| gdImagePng (0, 0)
|   ;
|   return 0;
| }
configure:6306: result: no
configure:6315: checking for is_selinux_enabled in -lselinux
configure:6340: gcc -o conftest -g -O2   conftest.c -lselinux   >&5
/usr/bin/ld: cannot find -lselinux
collect2: error: ld returned 1 exit status
configure:6340: $? = 1
configure: failed program was:
| /* confdefs.h */
| #define PACKAGE_NAME "GNU C Library"
| #define PACKAGE_TARNAME "glibc"
| #define PACKAGE_VERSION "(see version.h)"
| #define PACKAGE_STRING "GNU C Library (see version.h)"
| #define PACKAGE_BUGREPORT "https://sourceware.org/bugzilla/"
| #define PACKAGE_URL "http://www.gnu.org/software/glibc/"
| #define PKGVERSION "(GNU libc) "
| #define REPORT_BUGS_TO "<http://www.gnu.org/software/libc/bugs.html>"
| #define HAVE_TUNABLES 1
| #define HAVE_CC_NO_STACK_PROTECTOR 1
| #define STACK_PROTECTOR_LEVEL 0
| #define USE_MULTIARCH 1
| #define HAVE_ASM_SET_DIRECTIVE 1
| #define NO_CTORS_DTORS_SECTIONS 1
| #define HAVE_Z_COMBRELOC 1
| #define HAVE_BUILTIN_MEMSET 1
| #define HAVE_CC_INHIBIT_LOOP_TO_LIBCALL 1
| /* end confdefs.h.  */
| 
| /* Override any GCC internal prototype to avoid an error.
|    Use char because int might match the return type of a GCC
|    builtin and then its argument prototype would still apply.  */
| #ifdef __cplusplus
| extern "C"
| #endif
| char is_selinux_enabled ();
| int
| main ()
| {
| return is_selinux_enabled ();
|   ;
|   return 0;
| }
configure:6349: result: no
configure:6472: checking for _FORTIFY_SOURCE predefine
configure:6491: gcc -c -g -O2  conftest.c >&5
conftest.c: In function 'main':
conftest.c:26:3: error: #error bogon
 # error bogon
   ^~~~~
configure:6491: $? = 1
configure: failed program was:
| /* confdefs.h */
| #define PACKAGE_NAME "GNU C Library"
| #define PACKAGE_TARNAME "glibc"
| #define PACKAGE_VERSION "(see version.h)"
| #define PACKAGE_STRING "GNU C Library (see version.h)"
| #define PACKAGE_BUGREPORT "https://sourceware.org/bugzilla/"
| #define PACKAGE_URL "http://www.gnu.org/software/glibc/"
| #define PKGVERSION "(GNU libc) "
| #define REPORT_BUGS_TO "<http://www.gnu.org/software/libc/bugs.html>"
| #define HAVE_TUNABLES 1
| #define HAVE_CC_NO_STACK_PROTECTOR 1
| #define STACK_PROTECTOR_LEVEL 0
| #define USE_MULTIARCH 1
| #define HAVE_ASM_SET_DIRECTIVE 1
| #define NO_CTORS_DTORS_SECTIONS 1
| #define HAVE_Z_COMBRELOC 1
| #define HAVE_BUILTIN_MEMSET 1
| #define HAVE_CC_INHIBIT_LOOP_TO_LIBCALL 1
| /* end confdefs.h.  */
| 
| int
| main ()
| {
| 
| #ifdef _FORTIFY_SOURCE
| # error bogon
| #endif
|   ;
|   return 0;
| }
configure:6498: result: yes
configure:6508: checking whether the linker provides working __ehdr_start
configure:6531: gcc -o conftest -g -O2 -fPIC   -nostdlib -nostartfiles -shared -fno-stack-protector conftest.c  >&5
configure:6531: $? = 0
configure:6547: result: yes
configure:6557: checking for __builtin_trap with no external dependencies
configure:6574: gcc -c -g -O2  conftest.c >&5
configure:6574: $? = 0
libc_undefs=''
configure:6588: result: yes
configure:6602: checking whether the C++ compiler supports thread_local
configure:6630: g++ -c -g -O2 -std=gnu++11  conftest.cpp >&5
configure:6630: $? = 0
configure:6639: result: yes
configure:6669: result: running configure fragment for sysdeps/unix/sysv/linux/x86_64/64
configure:6669: result: running configure fragment for sysdeps/unix/sysv/linux/x86_64
configure:6669: result: running configure fragment for sysdeps/unix/sysv/linux
configure:9: checking installed Linux kernel header files
configure:28: gcc -c -g -O2  conftest.c >&5
configure:28: $? = 0
configure:35: result: 3.2.0 or later
configure:69: checking for kernel header at least 3.2.0
configure:87: gcc -c -g -O2  conftest.c >&5
configure:87: $? = 0
configure:93: result: ok
configure:142: checking for symlinks in /usr/include
configure:159: result: ok
configure:6669: result: running configure fragment for sysdeps/gnu
configure:6669: result: running configure fragment for sysdeps/unix/inet
configure:6669: result: running configure fragment for sysdeps/x86_64
configure:4: checking for AVX512DQ support in assembler
configure:13: gcc -c  conftest.s 1>&5
configure:16: $? = 0
configure:24: result: yes
configure:31: checking for AVX512 support
configure:37: gcc -mavx512f -xc /dev/null -S -o /dev/null
configure:40: $? = 0
configure:48: result: yes
configure:57: checking for Intel MPX support
configure:66: gcc -c  conftest.s 1>&5
configure:69: $? = 0
configure:77: result: yes
configure:6730: checking whether -fPIC is default
conftest.c:2:3: error: #error PIC is default.
 # error PIC is default.
   ^~~~~
configure:6746: result: yes
configure:6750: checking whether -fPIE is default
conftest.c:2:3: error: #error PIE is default.
 # error PIE is default.
   ^~~~~
configure:6766: result: yes
configure:6920: creating ./config.status

## ---------------------- ##
## Running config.status. ##
## ---------------------- ##

This file was extended by GNU C Library config.status (see version.h), which was
generated by GNU Autoconf 2.69.  Invocation command line was

  CONFIG_FILES    = 
  CONFIG_HEADERS  = 
  CONFIG_LINKS    = 
  CONFIG_COMMANDS = 
  $ ./config.status 

on beverly-ThinkPad-X1-Extreme-2nd

config.status:950: creating config.make
config.status:950: creating Makefile
config.status:950: creating config.h
config.status:1124: executing default commands

## ---------------- ##
## Cache variables. ##
## ---------------- ##

ac_cv_build=x86_64-pc-linux-gnu
ac_cv_c_compiler_gnu=yes
ac_cv_cxx_compiler_gnu=yes
ac_cv_env_CCC_set=
ac_cv_env_CCC_value=
ac_cv_env_CC_set=
ac_cv_env_CC_value=
ac_cv_env_CFLAGS_set=
ac_cv_env_CFLAGS_value=
ac_cv_env_CPPFLAGS_set=
ac_cv_env_CPPFLAGS_value=
ac_cv_env_CPP_set=
ac_cv_env_CPP_value=
ac_cv_env_CXXFLAGS_set=
ac_cv_env_CXXFLAGS_value=
ac_cv_env_CXX_set=
ac_cv_env_CXX_value=
ac_cv_env_LDFLAGS_set=
ac_cv_env_LDFLAGS_value=
ac_cv_env_LIBS_set=
ac_cv_env_LIBS_value=
ac_cv_env_build_alias_set=
ac_cv_env_build_alias_value=
ac_cv_env_host_alias_set=
ac_cv_env_host_alias_value=
ac_cv_env_target_alias_set=
ac_cv_env_target_alias_value=
ac_cv_host=x86_64-pc-linux-gnu
ac_cv_lib_selinux_is_selinux_enabled=no
ac_cv_objext=o
ac_cv_path_BASH_SHELL=/bin/bash
ac_cv_path_INSTALL_INFO=/usr/bin/install-info
ac_cv_path_PERL=/usr/bin/perl
ac_cv_path_install='/usr/bin/install -c'
ac_cv_prog_AS=as
ac_cv_prog_AWK=gawk
ac_cv_prog_BISON=bison
ac_cv_prog_LD=ld
ac_cv_prog_MAKE=make
ac_cv_prog_MSGFMT=msgfmt
ac_cv_prog_PYTHON_PROG=python3
ac_cv_prog_SED=sed
ac_cv_prog_ac_ct_CC=gcc
ac_cv_prog_ac_ct_CXX=g++
ac_cv_prog_ac_ct_NM=nm
ac_cv_prog_ac_ct_READELF=readelf
ac_cv_prog_cc_g=yes
ac_cv_prog_cxx_g=yes
libc_cv_as_noexecstack=yes
libc_cv_asm_avx512dq=yes
libc_cv_asm_mpx=yes
libc_cv_asm_set_directive=yes
libc_cv_broken_alias_attribute=no
libc_cv_builtin_trap=yes
libc_cv_cc_avx512=yes
libc_cv_cc_loop_to_function=yes
libc_cv_cc_nofma=-ffp-contract=off
libc_cv_cc_pie_default=yes
libc_cv_cc_with_libunwind=no
libc_cv_compiler_ok=yes
libc_cv_complocaledir='${exec_prefix}/lib/locale'
libc_cv_ctors_header=no
libc_cv_cxx_link_ok=yes
libc_cv_cxx_thread_local=yes
libc_cv_ehdr_start=yes
libc_cv_fno_toplevel_reorder=yes
libc_cv_fpie=yes
libc_cv_gcc_builtin_memset=yes
libc_cv_gcc_builtin_redirection=yes
libc_cv_gcc_incompatible_alias=no
libc_cv_gcc_indirect_function=yes
libc_cv_gcc_unwind_find_fde=no
libc_cv_has_glob_dat=yes
libc_cv_hashstyle=yes
libc_cv_have_sdata_section=no
libc_cv_have_section_quotes=no
libc_cv_idn=no
libc_cv_insert=yes
libc_cv_ld_gnu_indirect_function=yes
libc_cv_linux320='3.2.0 or later'
libc_cv_localstatedir=/var
libc_cv_mtls_dialect_gnu2=yes
libc_cv_multidir=.
libc_cv_no_dynamic_linker=yes
libc_cv_nss_crypt=no
libc_cv_output_format=elf64-x86-64
libc_cv_pic_default=yes
libc_cv_pie_default=yes
libc_cv_predef_fortify_source=yes
libc_cv_prog_as_gnu=yes
libc_cv_prog_ld_gnu=yes
libc_cv_protected_data=yes
libc_cv_rootsbindir=/sbin
libc_cv_rtlddir=/lib64
libc_cv_slibdir=/lib64
libc_cv_ssp=yes
libc_cv_ssp_all=yes
libc_cv_ssp_strong=yes
libc_cv_static_nss_crypt=no
libc_cv_static_pie=no
libc_cv_sysconfdir=/etc
libc_cv_use_default_link=no
libc_cv_with_fp=yes
libc_cv_x32=no
libc_cv_z_combreloc=yes
libc_cv_z_execstack=yes

## ----------------- ##
## Output variables. ##
## ----------------- ##

AR='ar'
AS='as'
ASFLAGS_config=' -Wa,--noexecstack'
AUTOCONF='no'
AWK='gawk'
BASH_SHELL='/bin/bash'
BISON='bison'
BUILD_CC=''
CC='gcc'
CFLAGS='-g -O2'
CPP='gcc -E'
CPPFLAGS=''
CPPUNDEFS='-U_FORTIFY_SOURCE'
CXX='g++'
CXXFLAGS='-g -O2'
CXX_BITS_STD_ABS_H='/usr/include/c++/7/bits/std_abs.h'
CXX_CMATH_HEADER='/usr/include/c++/7/cmath'
CXX_CSTDLIB_HEADER='/usr/include/c++/7/cstdlib'
CXX_SYSINCLUDES=''
DEFINES=''
DEFS='-DHAVE_CONFIG_H'
ECHO_C=''
ECHO_N='-n'
ECHO_T=''
GPROF='gprof'
INSTALL_DATA='${INSTALL} -m 644'
INSTALL_INFO='/usr/bin/install-info'
INSTALL_PROGRAM='${INSTALL}'
INSTALL_SCRIPT='${INSTALL}'
LD='ld'
LDFLAGS=''
LIBGD='no'
LIBOBJS=''
LIBS=''
LN_S='ln -s'
LTLIBOBJS=''
MAKE='make'
MAKEINFO=':'
MSGFMT='msgfmt'
NM='nm'
OBJCOPY='objcopy'
OBJDUMP='objdump'
OBJEXT='o'
PACKAGE_BUGREPORT='https://sourceware.org/bugzilla/'
PACKAGE_NAME='GNU C Library'
PACKAGE_STRING='GNU C Library (see version.h)'
PACKAGE_TARNAME='glibc'
PACKAGE_URL='http://www.gnu.org/software/glibc/'
PACKAGE_VERSION='(see version.h)'
PATH_SEPARATOR=':'
PERL='/usr/bin/perl'
PKGVERSION='(GNU libc) '
PKGVERSION_TEXI='(GNU libc) '
PYTHON='python3 -B'
PYTHON_PROG='python3'
READELF='readelf'
RELEASE='stable'
REPORT_BUGS_TEXI='@uref{http://www.gnu.org/software/libc/bugs.html}'
REPORT_BUGS_TO='<http://www.gnu.org/software/libc/bugs.html>'
SED='sed'
SHELL='/bin/bash'
SYSINCLUDES=''
VERSION='2.27'
ac_ct_CC='gcc'
ac_ct_CXX='g++'
all_warnings=''
base_machine='x86_64'
bindir='${exec_prefix}/bin'
bindnow='no'
build='x86_64-pc-linux-gnu'
build_alias=''
build_cpu='x86_64'
build_nscd='yes'
build_obsolete_nsl='no'
build_os='linux-gnu'
build_pt_chown='no'
build_vendor='pc'
cross_compiling='no'
datadir='${datarootdir}'
datarootdir='${prefix}/share'
docdir='${datarootdir}/doc/${PACKAGE_TARNAME}'
dvidir='${docdir}'
enable_timezone_tools='yes'
enable_werror='yes'
exec_prefix='${prefix}'
experimental_malloc='yes'
fno_unit_at_a_time='-fno-toplevel-reorder -fno-section-anchors'
force_install='yes'
hardcoded_path_in_tests='no'
have_libaudit=''
have_libcap=''
have_selinux='no'
have_tunables='yes'
host='x86_64-pc-linux-gnu'
host_alias=''
host_cpu='x86_64'
host_os='linux-gnu'
host_vendor='pc'
htmldir='${docdir}'
includedir='${prefix}/include'
infodir='${datarootdir}/info'
ldd_rewrite_script='sysdeps/unix/sysv/linux/x86_64/ldd-rewrite.sed'
libc_cv_cc_loop_to_function='yes'
libc_cv_cc_nofma='-ffp-contract=off'
libc_cv_cc_pie_default='yes'
libc_cv_cc_submachine=''
libc_cv_cc_with_libunwind='no'
libc_cv_complocaledir='${exec_prefix}/lib/locale'
libc_cv_cxx_thread_local='yes'
libc_cv_fpie='yes'
libc_cv_gcc_unwind_find_fde='no'
libc_cv_has_glob_dat='yes'
libc_cv_hashstyle='yes'
libc_cv_insert='yes'
libc_cv_localstatedir='/var'
libc_cv_mtls_dialect_gnu2='yes'
libc_cv_multidir='.'
libc_cv_nss_crypt='no'
libc_cv_output_format='elf64-x86-64'
libc_cv_pic_default='yes'
libc_cv_pie_default='yes'
libc_cv_protected_data='yes'
libc_cv_rootsbindir='/sbin'
libc_cv_rtlddir='/lib64'
libc_cv_slibdir='/lib64'
libc_cv_ssp='yes'
libc_cv_static_nss_crypt='no'
libc_cv_sysconfdir='/etc'
libc_cv_with_fp='yes'
libc_cv_z_combreloc='yes'
libc_cv_z_execstack='yes'
libc_extra_cflags=''
libc_extra_cppflags=''
libdir='${exec_prefix}/lib64'
libexecdir='${exec_prefix}/libexec'
link_obsolete_rpc='no'
localedir='${datarootdir}/locale'
localstatedir='${prefix}/var'
mach_interface_list=''
mandir='${datarootdir}/man'
multi_arch='default'
no_stack_protector='-fno-stack-protector -DSTACK_PROTECTOR_LEVEL=0'
oldincludedir='/usr/include'
pdfdir='${docdir}'
prefix='/usr'
profile='no'
program_transform_name='s,x,x,'
psdir='${docdir}'
sbindir='${exec_prefix}/sbin'
shared='yes'
sharedstatedir='${prefix}/com'
stack_protector='-fno-stack-protector'
static=''
static_nss='no'
subdirs=' '
submachine=''
sysconfdir='${prefix}/etc'
sysheaders=''
sysnames=' sysdeps/unix/sysv/linux/x86_64/64 sysdeps/unix/sysv/linux/x86_64 sysdeps/unix/sysv/linux/x86 sysdeps/x86/nptl sysdeps/unix/sysv/linux/wordsize-64 sysdeps/x86_64/nptl sysdeps/unix/sysv/linux sysdeps/nptl sysdeps/pthread sysdeps/gnu sysdeps/unix/inet sysdeps/unix/sysv sysdeps/unix/x86_64 sysdeps/unix sysdeps/posix sysdeps/x86_64/64 sysdeps/x86_64/fpu/multiarch sysdeps/x86_64/fpu sysdeps/x86/fpu sysdeps/x86_64/multiarch sysdeps/x86_64 sysdeps/x86 sysdeps/ieee754/float128 sysdeps/ieee754/ldbl-96 sysdeps/ieee754/dbl-64/wordsize-64 sysdeps/ieee754/dbl-64 sysdeps/ieee754/flt-32 sysdeps/wordsize-64 sysdeps/ieee754 sysdeps/generic'
target_alias=''
use_default_link='no'
use_ldconfig='yes'
use_nscd='yes'

## ----------- ##
## confdefs.h. ##
## ----------- ##

/* confdefs.h */
#define PACKAGE_NAME "GNU C Library"
#define PACKAGE_TARNAME "glibc"
#define PACKAGE_VERSION "(see version.h)"
#define PACKAGE_STRING "GNU C Library (see version.h)"
#define PACKAGE_BUGREPORT "https://sourceware.org/bugzilla/"
#define PACKAGE_URL "http://www.gnu.org/software/glibc/"
#define PKGVERSION "(GNU libc) "
#define REPORT_BUGS_TO "<http://www.gnu.org/software/libc/bugs.html>"
#define HAVE_TUNABLES 1
#define HAVE_CC_NO_STACK_PROTECTOR 1
#define STACK_PROTECTOR_LEVEL 0
#define USE_MULTIARCH 1
#define HAVE_ASM_SET_DIRECTIVE 1
#define NO_CTORS_DTORS_SECTIONS 1
#define HAVE_Z_COMBRELOC 1
#define HAVE_BUILTIN_MEMSET 1
#define HAVE_CC_INHIBIT_LOOP_TO_LIBCALL 1
#define HAVE_EHDR_START 1
#define HAVE_BUILTIN_TRAP 1
#define __LINUX_KERNEL_VERSION (3 * 65536 + 2 * 256 + 0)
#define __ABI_TAG_VERSION 3,2,0
#define HAVE_INLINED_SYSCALLS 1
#define HAVE_LIBIDN 1
#define HAVE_AVX512DQ_ASM_SUPPORT 1
#define HAVE_AVX512_SUPPORT 1
#define HAVE_MPX_SUPPORT 1
#define PI_STATIC_AND_HIDDEN 1
#define HAVE_IFUNC 1
#define HAVE_GCC_IFUNC 1
#define USE_NSCD 1
#define USE_LDCONFIG 1

configure: exit 0
